<?xml version="1.0" encoding="UTF-8"?>
<testng-results skipped="0" failed="0" total="1" passed="1">
  <reporter-output>
  </reporter-output>
  <suite name="Suite" duration-ms="23" started-at="2022-03-22T03:51:44Z" finished-at="2022-03-22T03:51:44Z">
    <groups>
    </groups>
    <test name="Test" duration-ms="23" started-at="2022-03-22T03:51:44Z" finished-at="2022-03-22T03:51:44Z">
      <class name="SeleniumProject.SeleniumProject.MainClass2">
        <test-method status="PASS" signature="test1()[pri:0, instance:SeleniumProject.SeleniumProject.MainClass2@1460a8c0]" name="test1" duration-ms="10" started-at="2022-03-22T09:21:44Z" finished-at="2022-03-22T09:21:44Z">
          <reporter-output>
          </reporter-output>
        </test-method> <!-- test1 -->
      </class> <!-- SeleniumProject.SeleniumProject.MainClass2 -->
    </test> <!-- Test -->
  </suite> <!-- Suite -->
</testng-results>
