<?xml version="1.0" encoding="UTF-8"?>
<testng-results skipped="0" failed="0" total="1" passed="1">
  <reporter-output>
  </reporter-output>
  <suite name="Default suite" duration-ms="6957" started-at="2022-03-15T00:14:26Z" finished-at="2022-03-15T00:14:33Z">
    <groups>
    </groups>
    <test name="Default test" duration-ms="6957" started-at="2022-03-15T00:14:26Z" finished-at="2022-03-15T00:14:33Z">
      <class name="SeleniumProject.SeleniumProject.MainClass">
        <test-method status="PASS" signature="browserSetup()[pri:0, instance:SeleniumProject.SeleniumProject.MainClass@197d671]" name="browserSetup" is-config="true" duration-ms="2097" started-at="2022-03-15T05:44:26Z" finished-at="2022-03-15T05:44:28Z">
          <reporter-output>
          </reporter-output>
        </test-method> <!-- browserSetup -->
        <test-method status="PASS" signature="test1()[pri:0, instance:SeleniumProject.SeleniumProject.MainClass@197d671]" name="test1" duration-ms="4834" started-at="2022-03-15T05:44:28Z" finished-at="2022-03-15T05:44:33Z">
          <reporter-output>
          </reporter-output>
        </test-method> <!-- test1 -->
      </class> <!-- SeleniumProject.SeleniumProject.MainClass -->
    </test> <!-- Default test -->
  </suite> <!-- Default suite -->
</testng-results>
